{"total": {"lines":{"total":53,"covered":53,"skipped":0,"pct":100},"statements":{"total":55,"covered":55,"skipped":0,"pct":100},"functions":{"total":10,"covered":10,"skipped":0,"pct":100},"branches":{"total":35,"covered":33,"skipped":0,"pct":94.28},"branchesTrue":{"total":0,"covered":0,"skipped":0,"pct":"Unknown"}}
,"/var/www/vue-set-path/src/utils.js": {"lines":{"total":17,"covered":17,"skipped":0,"pct":100},"functions":{"total":5,"covered":5,"skipped":0,"pct":100},"statements":{"total":18,"covered":18,"skipped":0,"pct":100},"branches":{"total":13,"covered":12,"skipped":0,"pct":92.3}}
,"/var/www/vue-set-path/src/vueSetPath.js": {"lines":{"total":36,"covered":36,"skipped":0,"pct":100},"functions":{"total":5,"covered":5,"skipped":0,"pct":100},"statements":{"total":37,"covered":37,"skipped":0,"pct":100},"branches":{"total":22,"covered":21,"skipped":0,"pct":95.45}}
}
